<?xml version="1.0" encoding="UTF-8"?>
<!-- Generated by org.testng.reporters.JUnitReportReporter -->
<testsuite hostname="LAPTOP-VKN4EQLF" failures="0" tests="1" name="com.selenium_assessment.OpenApplication" time="5.702" errors="0" timestamp="2022-01-30T22:47:55 SAST" skipped="0">
  <testcase classname="com.selenium_assessment.OpenApplication" name="openUrl" time="5.702"/>
</testsuite> <!-- com.selenium_assessment.OpenApplication -->
