<?xml version="1.0" encoding="UTF-8"?>
<!-- Generated by org.testng.reporters.JUnitReportReporter -->
<testsuite hostname="LAPTOP-VKN4EQLF" failures="0" tests="2" name="com.selenium_assessment.ClickOnAdd" time="0.029" errors="0" timestamp="2022-01-30T22:47:55 SAST" skipped="0">
  <testcase classname="com.selenium_assessment.ClickOnAdd" name="validateUrlPath" time="0.008"/>
  <testcase classname="com.selenium_assessment.ClickOnAdd" name="checkDisplay" time="0.021"/>
</testsuite> <!-- com.selenium_assessment.ClickOnAdd -->
