<?xml version="1.0" encoding="UTF-8"?>
<!-- Generated by org.testng.reporters.JUnitReportReporter -->
<testsuite hostname="LAPTOP-VKN4EQLF" failures="0" tests="1" name="com.selenium_assessment.OpenApplication" time="6.612" errors="0" timestamp="2022-01-31T21:15:58 SAST" skipped="0">
  <testcase classname="com.selenium_assessment.OpenApplication" name="openUrl" time="6.612"/>
</testsuite> <!-- com.selenium_assessment.OpenApplication -->
