<?xml version="1.0" encoding="UTF-8"?>
<!-- Generated by org.testng.reporters.JUnitReportReporter -->
<testsuite hostname="LAPTOP-VKN4EQLF" failures="0" tests="1" name="com.selenium_assessment.Delete" time="7.912" errors="0" timestamp="2022-01-31T21:15:58 SAST" skipped="0">
  <testcase classname="com.selenium_assessment.Delete" name="validateNoRecords" time="7.912"/>
</testsuite> <!-- com.selenium_assessment.Delete -->
