<?xml version="1.0" encoding="UTF-8"?>
<!-- Generated by org.testng.reporters.JUnitReportReporter -->
<testsuite hostname="LAPTOP-VKN4EQLF" failures="0" tests="3" name="com.selenium_assessment.CreateUser" time="6.146" errors="0" timestamp="2022-01-30T22:47:55 SAST" skipped="0">
  <testcase classname="com.selenium_assessment.CreateUser" name="createUser" time="3.393"/>
  <testcase classname="com.selenium_assessment.CreateUser" name="validateStatusDropDown" time="0.043"/>
  <testcase classname="com.selenium_assessment.CreateUser" name="validateUserCreated" time="2.710"/>
</testsuite> <!-- com.selenium_assessment.CreateUser -->
