<?xml version="1.0" encoding="UTF-8"?>
<!-- Generated by org.testng.reporters.JUnitReportReporter -->
<testsuite hostname="LAPTOP-VKN4EQLF" failures="0" tests="2" name="com.selenium_assessment.Logout" time="0.009" errors="0" timestamp="2022-01-31T21:15:58 SAST" skipped="0">
  <testcase classname="com.selenium_assessment.Logout" name="validateUrl" time="0.004"/>
  <testcase classname="com.selenium_assessment.Logout" name="validateTitle" time="0.005"/>
</testsuite> <!-- com.selenium_assessment.Logout -->
