<?xml version="1.0" encoding="UTF-8"?>
<!-- Generated by org.testng.reporters.JUnitReportReporter -->
<testsuite hostname="LAPTOP-VKN4EQLF" failures="0" tests="4" name="com.selenium_assessment.LoginTest" time="7.195" errors="0" timestamp="2022-01-30T22:47:55 SAST" skipped="0">
  <testcase classname="com.selenium_assessment.LoginTest" name="login" time="7.126"/>
  <testcase classname="com.selenium_assessment.LoginTest" name="validateUrl" time="0.006"/>
  <testcase classname="com.selenium_assessment.LoginTest" name="checkDisplay" time="0.034"/>
  <testcase classname="com.selenium_assessment.LoginTest" name="validateWelcomeAdmin" time="0.029"/>
</testsuite> <!-- com.selenium_assessment.LoginTest -->
