<?xml version="1.0" encoding="UTF-8"?>
<!-- Generated by org.testng.reporters.JUnitReportReporter -->
<testsuite hostname="LAPTOP-VKN4EQLF" failures="0" tests="4" name="com.selenium_assessment.LoginTest" time="9.786" errors="0" timestamp="2022-01-31T21:15:58 SAST" skipped="0">
  <testcase classname="com.selenium_assessment.LoginTest" name="login" time="9.734"/>
  <testcase classname="com.selenium_assessment.LoginTest" name="validateUrl" time="0.004"/>
  <testcase classname="com.selenium_assessment.LoginTest" name="checkDisplay" time="0.028"/>
  <testcase classname="com.selenium_assessment.LoginTest" name="validateWelcomeAdmin" time="0.020"/>
</testsuite> <!-- com.selenium_assessment.LoginTest -->
